<?xml version="1.0" encoding="UTF-8"?>
<!-- Generated by org.testng.reporters.JUnitXMLReporter -->
<testsuite ignored="0" hostname="DESKTOP-7SUM208" failures="0" tests="13" name="chrometest" time="261.9" errors="0" timestamp="2025-08-16T12:39:05 IST">
  <testcase classname="testBase.BaseClass" name="@BeforeMethod login" time="22.787">
    <failure type="java.lang.AssertionError" message="expected [true] but found [false]">
      <![CDATA[java.lang.AssertionError: expected [true] but found [false]
at testBase.BaseClass.login(BaseClass.java:132)
at java.base/java.util.ArrayList.forEach(ArrayList.java:1511)
... Removed 39 stack frames]]>
    </failure>
  </testcase> <!-- @BeforeMethod login -->
  <testcase classname="testBase.BaseClass" name="@AfterMethod logout" time="0.0">
    <skipped/>
  </testcase> <!-- @AfterMethod logout -->
  <testcase classname="testBase.BaseClass" name="@AfterClass teardown" time="0.0">
    <skipped/>
  </testcase> <!-- @AfterClass teardown -->
  <testcase classname="testCases.TC001_SignInTest" name="verify_signin" time="0.008"/>
  <testcase classname="testCases.TC002_SigninDDT" name="verify_signinDDT" time="14.126"/>
  <testcase classname="testCases.TC002_SigninDDT" name="verify_signinDDT" time="18.164"/>
  <testcase classname="testCases.TC002_SigninDDT" name="verify_signinDDT" time="17.758"/>
  <testcase classname="testCases.TC002_SigninDDT" name="verify_signinDDT" time="18.085"/>
  <testcase classname="testCases.TC002_SigninDDT" name="verify_signinDDT" time="14.632"/>
  <testcase classname="testCases.TC003_SearchSearvice" name="search" time="3.19"/>
  <testcase classname="testCases.TC004_ProfilePage" name="profilePage" time="1.493"/>
  <testcase classname="testCases.TC005_MyRequestPage" name="myRequest" time="1.621"/>
  <testcase classname="testCases.TC006_PaymentHistoryPage" name="paymentHistory" time="1.586"/>
  <testcase classname="testCases.TC007_PaymentPage" name="paymentPage" time="3.026"/>
  <testcase classname="testCases.TC008_ContactUsPage" name="verify_ContactUs" time="0.0">
    <skipped/>
  </testcase> <!-- verify_ContactUs -->
  <testcase classname="testCases.TC012_NearMePage" name="verify_signin" time="1.004"/>
</testsuite> <!-- chrometest -->
